#
# A fatal error has been detected by the Java Runtime Environment:
#
#  EXCEPTION_ACCESS_VIOLATION (0xc0000005) at pc=0x00007fff0a56fa2a, pid=11936, tid=10208
#
# JRE version: OpenJDK Runtime Environment Temurin-17.0.4.1+1 (17.0.4.1+1) (build 17.0.4.1+1)
# Java VM: OpenJDK 64-Bit Server VM Temurin-17.0.4.1+1 (17.0.4.1+1, mixed mode, emulated-client, tiered, compressed oops, compressed class ptrs, g1 gc, windows-amd64)
# Problematic frame:
# V  [jvm.dll+0x79fa2a]
#
# No core dump will be written. Minidumps are not enabled by default on client versions of Windows
#
# If you would like to submit a bug report, please visit:
#   https://github.com/adoptium/adoptium-support/issues
#

---------------  S U M M A R Y ------------

Command Line: -XX:+ShowCodeDetailsInExceptionMessages -agentlib:jdwp=transport=dt_socket,suspend=y,address=localhost:60773 -Dcom.sun.management.jmxremote -Dcom.sun.management.jmxremote.port=60772 -Dcom.sun.management.jmxremote.authenticate=false -Dcom.sun.management.jmxremote.ssl=false -Djava.rmi.server.hostname=localhost -Dspring.jmx.enabled=true -Dspring.application.admin.enabled=true -XX:TieredStopAtLevel=1 -Dspring.boot.project.name=MovimientosCuentaCliente -javaagent:C:\Users\charl\Documents\SPRING\sts-4.16.0.RELEASE\configuration\org.eclipse.osgi\268\0\.cp\lib\javaagent-shaded.jar -Dfile.encoding=UTF-8 com.apirest.main.MovimientosCuentaClienteApplication --spring.output.ansi.enabled=always

Host: Intel(R) Core(TM) i3-5020U CPU @ 2.20GHz, 4 cores, 7G,  Windows 10 , 64 bit Build 19041 (10.0.19041.1889)
Time: Mon Sep 19 19:28:44 2022 Hora est. Pacífico, Sudamérica elapsed time: 380.918237 seconds (0d 0h 6m 20s)

---------------  T H R E A D  ---------------

Current thread (0x000001554fde4990):  JavaThread "JDWP Transport Listener: dt_socket" daemon [_thread_in_vm, id=10208, stack(0x00000012c3000000,0x00000012c3100000)]

Stack: [0x00000012c3000000,0x00000012c3100000],  sp=0x00000012c30ff4e0,  free space=1021k
Native frames: (J=compiled Java code, j=interpreted, Vv=VM code, C=native code)
V  [jvm.dll+0x79fa2a]
V  [jvm.dll+0x50965c]
V  [jvm.dll+0x4d0cc4]
C  [jdwp.dll+0x22f7b]


siginfo: EXCEPTION_ACCESS_VIOLATION (0xc0000005), reading address 0x00000000003e000d


Register to memory mapping:

RIP=0x00007fff0a56fa2a jvm.dll
RAX=0x00000000000000c1 is an unknown value
RBX=0x000001554fc58da1 points into unknown readable memory: 63 46 69 65 6c 64 41
RCX=0x00000000003e0009 is an unknown value
RDX=0x00000155517051c0 points into unknown readable memory: 0x6970612f6d6f634c | 4c 63 6f 6d 2f 61 70 69
RSP=0x00000012c30ff4e0 is pointing into the stack for thread: 0x000001554fde4990
RBP=0x000001554fdf9ee0 points into unknown readable memory: 0x0000000000000002 | 02 00 00 00 00 00 00 00
RSI=0x0 is NULL
RDI=0xffffffffffffffff is an unknown value
R8 =0x0000000000000045 is an unknown value
R9 =0x0000000000000040 is an unknown value
R10=0x0000000000000040 is an unknown value
R11=0x00000012c30ff500 is pointing into the stack for thread: 0x000001554fde4990
R12=0x00000012c30ff638 is pointing into the stack for thread: 0x000001554fde4990
R13=0x0 is NULL
R14=0x000000010035f9d0 is a pointer to class: 
com.apirest.main.servicios.ServicioMovimientos {0x000000010035f9d8}
 - instance size:     2
 - klass size:        78
 - access:            public synchronized 
 - state:             fully_initialized
 - name:              'com/apirest/main/servicios/ServicioMovimientos'
 - super:             'java/lang/Object'
 - sub:               
 - arrays:            NULL
 - methods:           Array<T>(0x0000015555af67a0)
 - method ordering:   Array<T>(0x0000015552cd9fb8)
 - default_methods:   Array<T>(0x0000000000000000)
 - local interfaces:  Array<T>(0x0000015552cd9758)
 - trans. interfaces: Array<T>(0x0000015552cd9758)
 - constants:         constant pool [207] {0x0000015555afb290} for 'com/apirest/main/servicios/ServicioMovimientos' cache=0x0000015555af8690
 - class loader data:  loader data: 0x000001554fc2dae0 for instance a 'jdk/internal/loader/ClassLoaders$AppClassLoader'{0x0000000081bc9600}
 - source file:       'ServicioMovimientos.java'
 - source debug extension:       SMAP
ServicioMovimientos.java
Java
*S jdt
*F
1 ServicioMovimientos.java
2 file:/C:/Users/charl/Documents/Spring_Proyectos/MovimientosCuentaCliente/target/classes/
*L
*E

 - class annotations:       Array<T>(0x0000015555a27cb8)
 - class type annotations:  Array<T>(0x0000000000000000)
 - field annotations:       Array<T>(0x0000000000000000)
 - field type annotations:  Array<T>(0x0000000000000000)
 - generic signature: '
[error occurred during error reporting (printing register info), id 0xc0000005, EXCEPTION_ACCESS_VIOLATION (0xc0000005) at pc=0x00007fff0a570636]

Registers:
RAX=0x00000000000000c1, RBX=0x000001554fc58da1, RCX=0x00000000003e0009, RDX=0x00000155517051c0
RSP=0x00000012c30ff4e0, RBP=0x000001554fdf9ee0, RSI=0x0000000000000000, RDI=0xffffffffffffffff
R8 =0x0000000000000045, R9 =0x0000000000000040, R10=0x0000000000000040, R11=0x00000012c30ff500
R12=0x00000012c30ff638, R13=0x0000000000000000, R14=0x000000010035f9d0, R15=0x00000012c30ff688
RIP=0x00007fff0a56fa2a, EFLAGS=0x0000000000010202

Top of Stack: (sp=0x00000012c30ff4e0)
0x00000012c30ff4e0:   000000000000002e 000000010035f9d0
0x00000012c30ff4f0:   000001554fde4990 0000000000000000
0x00000012c30ff500:   ffffffffffffffff 00007fff0a2d965c
0x00000012c30ff510:   000001554fc58da1 000001554fc58d70
0x00000012c30ff520:   000001554fdf9ee0 0000015553e7eac0
0x00000012c30ff530:   000001554fc58d30 00000000000003d8
0x00000012c30ff540:   000001554fc58d40 000001554fc59118
0x00000012c30ff550:   0000000000000002 00000012c30ff638
0x00000012c30ff560:   0000000000000000 0000000000000000
0x00000012c30ff570:   0000000081de1eb0 00007fff0a2a0cc4
0x00000012c30ff580:   000001554fde4990 00000012c30ff688
0x00000012c30ff590:   00000155419dbc50 00000012c30ff688
0x00000012c30ff5a0:   000001554fde4990 0000000000000000
0x00000012c30ff5b0:   0000015500000000 0000000000000000
0x00000012c30ff5c0:   000000000000000d 00007fff60a82f7b
0x00000012c30ff5d0:   00000012c30ff680 00007fff60a91600 

Instructions: (pc=0x00007fff0a56fa2a)
0x00007fff0a56f92a:   48 83 c4 20 5f e9 bc 69 90 ff cc cc cc cc cc cc
0x00007fff0a56f93a:   cc cc cc cc cc cc 48 89 5c 24 08 57 48 83 ec 20
0x00007fff0a56f94a:   83 fa 02 8d 42 06 b9 08 00 00 00 49 8b d8 0f 4e
0x00007fff0a56f95a:   c1 48 63 c8 48 83 c1 07 83 e1 f8 48 63 f9 49 8b
0x00007fff0a56f96a:   48 18 48 8b c7 48 f7 d0 48 3b c1 73 16 4c 8d 05
0x00007fff0a56f97a:   ba 58 17 00 48 8b d7 48 8b cb e8 c7 cc 90 ff 48
0x00007fff0a56f98a:   8b 4b 18 48 8d 04 39 48 3b 43 20 76 18 45 33 c0
0x00007fff0a56f99a:   48 8b d7 48 8b cb 48 8b 5c 24 30 48 83 c4 20 5f
0x00007fff0a56f9aa:   e9 21 c9 90 ff 48 89 43 18 48 8b c1 48 8b 5c 24
0x00007fff0a56f9ba:   30 48 83 c4 20 5f c3 cc cc cc cc cc cc cc cc cc
0x00007fff0a56f9ca:   cc cc cc cc cc cc 4c 8b d2 4c 8b d9 45 85 c0 7e
0x00007fff0a56f9da:   3c 44 0f b7 49 04 41 8d 40 ff 41 3b c1 44 0f 4c
0x00007fff0a56f9ea:   c8 4d 63 c1 45 85 c9 7e 1f 48 8b c2 4c 2b da 49
0x00007fff0a56f9fa:   8b d0 0f 1f 40 00 41 0f b6 4c 03 06 88 08 48 8d
0x00007fff0a56fa0a:   40 01 48 83 ea 01 75 ee 43 c6 04 10 00 49 8b c2
0x00007fff0a56fa1a:   c3 cc cc cc cc cc 48 89 5c 24 08 57 48 83 ec 20
0x00007fff0a56fa2a:   0f b7 59 04 48 8b f9 33 d2 48 8d 4b 01 e8 f4 d9
0x00007fff0a56fa3a:   f2 ff 0f b7 57 04 4c 8b c0 3b da 0f 42 d3 44 8b
0x00007fff0a56fa4a:   ca 85 d2 74 39 48 2b f8 0f 1f 40 00 66 66 0f 1f
0x00007fff0a56fa5a:   84 00 00 00 00 00 0f b6 4c 07 06 88 08 48 ff c0
0x00007fff0a56fa6a:   48 8b c8 49 2b c8 49 3b c9 7c eb 42 c6 04 02 00
0x00007fff0a56fa7a:   49 8b c0 48 8b 5c 24 30 48 83 c4 20 5f c3 48 8b
0x00007fff0a56fa8a:   5c 24 30 c6 04 02 00 48 83 c4 20 5f c3 cc cc cc
0x00007fff0a56fa9a:   cc cc cc cc cc cc 4c 8b d1 45 85 c0 7e 6c 44 0f
0x00007fff0a56faaa:   b7 49 04 41 8d 40 ff 41 3b c1 44 0f 4c c8 4d 63
0x00007fff0a56faba:   d9 45 85 c9 7e 22 48 8b ca 4c 2b d2 4d 8b c3 0f
0x00007fff0a56faca:   1f 80 00 00 00 00 41 0f b6 44 0a 06 88 01 48 8d
0x00007fff0a56fada:   49 01 49 83 e8 01 75 ee 41 c6 04 13 00 48 c7 c0
0x00007fff0a56faea:   ff ff ff ff 66 90 48 ff c0 80 3c 02 00 75 f7 48
0x00007fff0a56fafa:   63 c8 85 c0 48 8b c2 7e 14 80 38 2f 75 03 c6 00
0x00007fff0a56fb0a:   2e 48 ff c0 48 83 e9 01 75 ef 48 8b c2 c3 cc cc
0x00007fff0a56fb1a:   cc cc cc cc cc cc 48 83 ec 28 e8 f7 fe ff ff 4c 


Stack slot to memory mapping:
stack at sp + 0 slots: 0x000000000000002e is an unknown value
stack at sp + 1 slots: 0x000000010035f9d0 is a pointer to class: 
com.apirest.main.servicios.ServicioMovimientos {0x000000010035f9d8}
 - instance size:     2
 - klass size:        78
 - access:            public synchronized 
 - state:             fully_initialized
 - name:              'com/apirest/main/servicios/ServicioMovimientos'
 - super:             'java/lang/Object'
 - sub:               
 - arrays:            NULL
 - methods:           Array<T>(0x0000015555af67a0)
 - method ordering:   Array<T>(0x0000015552cd9fb8)
 - default_methods:   Array<T>(0x0000000000000000)
 - local interfaces:  Array<T>(0x0000015552cd9758)
 - trans. interfaces: Array<T>(0x0000015552cd9758)
 - constants:         constant pool [207] {0x0000015555afb290} for 'com/apirest/main/servicios/ServicioMovimientos' cache=0x0000015555af8690
 - class loader data:  loader data: 0x000001554fc2dae0 for instance a 'jdk/internal/loader/ClassLoaders$AppClassLoader'{0x0000000081bc9600}
 - source file:       'ServicioMovimientos.java'
 - source debug extension:       SMAP
ServicioMovimientos.java
Java
*S jdt
*F
1 ServicioMovimientos.java
2 file:/C:/Users/charl/Documents/Spring_Proyectos/MovimientosCuentaCliente/target/classes/
*L
*E

 - class annotations:       Array<T>(0x0000015555a27cb8)
 - class type annotations:  Array<T>(0x0000000000000000)
 - field annotations:       Array<T>(0x0000000000000000)
 - field type annotations:  Array<T>(0x0000000000000000)
 - generic signature: '
[error occurred during error reporting (inspecting top of stack), id 0xc0000005, EXCEPTION_ACCESS_VIOLATION (0xc0000005) at pc=0x00007fff0a570636]


---------------  P R O C E S S  ---------------

Threads class SMR info:
_java_thread_list=0x0000015554156b20, length=36, elements={
0x000001554efba790, 0x000001554efbb750, 0x000001554f00e5a0, 0x000001554fc0a080,
0x000001554fc0a940, 0x000001554fc0fcd0, 0x000001554fc0d340, 0x000001554fc0dc40,
0x000001554ef5c6d0, 0x000001554fde4990, 0x000001554fe07150, 0x000001554fe07640,
0x00000155505405d0, 0x000001554fed3300, 0x000001555076e8d0, 0x0000015550768340,
0x0000015551421fa0, 0x0000015551458fe0, 0x00000155515a3ca0, 0x00000155515a4170,
0x00000155515a5980, 0x00000155515a5e50, 0x00000155515a54b0, 0x00000155515a6cc0,
0x00000155515a7660, 0x00000155541133b0, 0x00000155541198c0, 0x0000015554117240,
0x0000015554114220, 0x0000015554113d50, 0x0000015554113880, 0x00000155541146f0,
0x0000015554114bc0, 0x00000155541193f0, 0x00000155541163d0, 0x0000015554112540
}

Java Threads: ( => current thread )
  0x000001554efba790 JavaThread "Reference Handler" daemon [_thread_blocked, id=10480, stack(0x00000012c2600000,0x00000012c2700000)]
  0x000001554efbb750 JavaThread "Finalizer" daemon [_thread_blocked, id=12032, stack(0x00000012c2700000,0x00000012c2800000)]
  0x000001554f00e5a0 JavaThread "Signal Dispatcher" daemon [_thread_blocked, id=10268, stack(0x00000012c2800000,0x00000012c2900000)]
  0x000001554fc0a080 JavaThread "Attach Listener" daemon [_thread_blocked, id=3656, stack(0x00000012c2900000,0x00000012c2a00000)]
  0x000001554fc0a940 JavaThread "Service Thread" daemon [_thread_blocked, id=9892, stack(0x00000012c2a00000,0x00000012c2b00000)]
  0x000001554fc0fcd0 JavaThread "Monitor Deflation Thread" daemon [_thread_blocked, id=14876, stack(0x00000012c2b00000,0x00000012c2c00000)]
  0x000001554fc0d340 JavaThread "C1 CompilerThread0" daemon [_thread_blocked, id=9888, stack(0x00000012c2c00000,0x00000012c2d00000)]
  0x000001554fc0dc40 JavaThread "Sweeper thread" daemon [_thread_blocked, id=11908, stack(0x00000012c2d00000,0x00000012c2e00000)]
  0x000001554ef5c6d0 JavaThread "Common-Cleaner" daemon [_thread_blocked, id=14324, stack(0x00000012c2e00000,0x00000012c2f00000)]
=>0x000001554fde4990 JavaThread "JDWP Transport Listener: dt_socket" daemon [_thread_in_vm, id=10208, stack(0x00000012c3000000,0x00000012c3100000)]
  0x000001554fe07150 JavaThread "JDWP Event Helper Thread" daemon [_thread_blocked, id=8952, stack(0x00000012c3100000,0x00000012c3200000)]
  0x000001554fe07640 JavaThread "JDWP Command Reader" daemon [_thread_in_native, id=11876, stack(0x00000012c3200000,0x00000012c3300000)]
  0x00000155505405d0 JavaThread "Notification Thread" daemon [_thread_blocked, id=900, stack(0x00000012c3300000,0x00000012c3400000)]
  0x000001554fed3300 JavaThread "RMI TCP Accept-0" daemon [_thread_in_native, id=10316, stack(0x00000012c3800000,0x00000012c3900000)]
  0x000001555076e8d0 JavaThread "RMI TCP Accept-60772" daemon [_thread_in_native, id=5444, stack(0x00000012c3900000,0x00000012c3a00000)]
  0x0000015550768340 JavaThread "RMI TCP Accept-0" daemon [_thread_in_native, id=15524, stack(0x00000012c3a00000,0x00000012c3b00000)]
  0x0000015551421fa0 JavaThread "RMI Scheduler(0)" daemon [_thread_blocked, id=9424, stack(0x00000012c3e00000,0x00000012c3f00000)]
  0x0000015551458fe0 JavaThread "JMX server connection timeout 24" daemon [_thread_blocked, id=14788, stack(0x00000012c4000000,0x00000012c4100000)]
  0x00000155515a3ca0 JavaThread "HikariPool-1 housekeeper" daemon [_thread_blocked, id=16900, stack(0x00000012c4100000,0x00000012c4200000)]
  0x00000155515a4170 JavaThread "Catalina-utility-1" [_thread_blocked, id=15552, stack(0x00000012c4200000,0x00000012c4300000)]
  0x00000155515a5980 JavaThread "Catalina-utility-2" [_thread_blocked, id=1332, stack(0x00000012c4300000,0x00000012c4400000)]
  0x00000155515a5e50 JavaThread "container-0" [_thread_blocked, id=8044, stack(0x00000012c4400000,0x00000012c4500000)]
  0x00000155515a54b0 JavaThread "http-nio-8080-exec-1" daemon [_thread_blocked, id=5468, stack(0x00000012c4600000,0x00000012c4700000)]
  0x00000155515a6cc0 JavaThread "http-nio-8080-exec-2" daemon [_thread_blocked, id=15256, stack(0x00000012c4700000,0x00000012c4800000)]
  0x00000155515a7660 JavaThread "http-nio-8080-exec-3" daemon [_thread_blocked, id=10840, stack(0x00000012c4800000,0x00000012c4900000)]
  0x00000155541133b0 JavaThread "http-nio-8080-exec-4" daemon [_thread_blocked, id=13836, stack(0x00000012c4900000,0x00000012c4a00000)]
  0x00000155541198c0 JavaThread "http-nio-8080-exec-5" daemon [_thread_blocked, id=16400, stack(0x00000012c4a00000,0x00000012c4b00000)]
  0x0000015554117240 JavaThread "http-nio-8080-exec-6" daemon [_thread_blocked, id=14060, stack(0x00000012c4b00000,0x00000012c4c00000)]
  0x0000015554114220 JavaThread "http-nio-8080-exec-7" daemon [_thread_blocked, id=6388, stack(0x00000012c4c00000,0x00000012c4d00000)]
  0x0000015554113d50 JavaThread "http-nio-8080-exec-8" daemon [_thread_blocked, id=10064, stack(0x00000012c4d00000,0x00000012c4e00000)]
  0x0000015554113880 JavaThread "http-nio-8080-exec-9" daemon [_thread_blocked, id=2768, stack(0x00000012c4e00000,0x00000012c4f00000)]
  0x00000155541146f0 JavaThread "http-nio-8080-exec-10" daemon [_thread_blocked, id=2640, stack(0x00000012c4f00000,0x00000012c5000000)]
  0x0000015554114bc0 JavaThread "http-nio-8080-Poller" daemon [_thread_in_native, id=11884, stack(0x00000012c5000000,0x00000012c5100000)]
  0x00000155541193f0 JavaThread "http-nio-8080-Acceptor" daemon [_thread_in_native, id=16720, stack(0x00000012c5100000,0x00000012c5200000)]
  0x00000155541163d0 JavaThread "DestroyJavaVM" [_thread_blocked, id=14304, stack(0x00000012c1f00000,0x00000012c2000000)]
  0x0000015554112540 JavaThread "RMI TCP Connection(idle)" daemon [_thread_blocked, id=9388, stack(0x00000012c5600000,0x00000012c5700000)]

Other Threads:
  0x000001554efb4cb0 VMThread "VM Thread" [stack: 0x00000012c2500000,0x00000012c2600000] [id=7748]
  0x0000015550768a20 WatcherThread [stack: 0x00000012c3b00000,0x00000012c3c00000] [id=14176]
  0x0000015541a47c20 GCTaskThread "GC Thread#0" [stack: 0x00000012c2000000,0x00000012c2100000] [id=2080]
  0x0000015550707380 GCTaskThread "GC Thread#1" [stack: 0x00000012c3400000,0x00000012c3500000] [id=16664]
  0x0000015550707a30 GCTaskThread "GC Thread#2" [stack: 0x00000012c3500000,0x00000012c3600000] [id=16784]
  0x000001555074eb10 GCTaskThread "GC Thread#3" [stack: 0x00000012c3600000,0x00000012c3700000] [id=15260]
  0x0000015541a58db0 ConcurrentGCThread "G1 Main Marker" [stack: 0x00000012c2100000,0x00000012c2200000] [id=12108]
  0x0000015541a59570 ConcurrentGCThread "G1 Conc#0" [stack: 0x00000012c2200000,0x00000012c2300000] [id=4644]
  0x0000015541abde50 ConcurrentGCThread "G1 Refine#0" [stack: 0x00000012c2300000,0x00000012c2400000] [id=9924]
  0x00000155507515e0 ConcurrentGCThread "G1 Refine#1" [stack: 0x00000012c3700000,0x00000012c3800000] [id=13444]
  0x0000015541abe620 ConcurrentGCThread "G1 Service" [stack: 0x00000012c2400000,0x00000012c2500000] [id=16376]

Threads with active compile tasks:

VM state: not at safepoint (normal execution)

VM Mutex/Monitor currently owned by a thread: None

Heap address: 0x0000000081800000, size: 2024 MB, Compressed Oops mode: 32-bit

CDS archive(s) not mapped
Compressed class space mapped at: 0x0000000100000000-0x0000000140000000, reserved size: 1073741824
Narrow klass base: 0x0000000000000000, Narrow klass shift: 3, Narrow klass range: 0x140000000

GC Precious Log:
 CPUs: 4 total, 4 available
 Memory: 8093M
 Large Page Support: Disabled
 NUMA Support: Disabled
 Compressed Oops: Enabled (32-bit)
 Heap Region Size: 1M
 Heap Min Capacity: 8M
 Heap Initial Capacity: 128M
 Heap Max Capacity: 2024M
 Pre-touch: Disabled
 Parallel Workers: 4
 Concurrent Workers: 1
 Concurrent Refinement Workers: 4
 Periodic GC: Disabled

Heap:
 garbage-first heap   total 92160K, used 68279K [0x0000000081800000, 0x0000000100000000)
  region size 1024K, 51 young (52224K), 5 survivors (5120K)
 Metaspace       used 63641K, committed 64064K, reserved 1105920K
  class space    used 8368K, committed 8576K, reserved 1048576K

Heap Regions: E=young(eden), S=young(survivor), O=old, HS=humongous(starts), HC=humongous(continues), CS=collection set, F=free, OA=open archive, CA=closed archive, TAMS=top-at-mark-start (previous, next)
|   0|0x0000000081800000, 0x0000000081900000, 0x0000000081900000|100%|HS|  |TAMS 0x0000000081900000, 0x0000000081800000| Complete 
|   1|0x0000000081900000, 0x0000000081a00000, 0x0000000081a00000|100%| O|  |TAMS 0x0000000081a00000, 0x0000000081900000| Untracked 
|   2|0x0000000081a00000, 0x0000000081b00000, 0x0000000081b00000|100%| O|  |TAMS 0x0000000081b00000, 0x0000000081a00000| Untracked 
|   3|0x0000000081b00000, 0x0000000081c00000, 0x0000000081c00000|100%| O|  |TAMS 0x0000000081c00000, 0x0000000081b00000| Untracked 
|   4|0x0000000081c00000, 0x0000000081d00000, 0x0000000081d00000|100%| O|  |TAMS 0x0000000081d00000, 0x0000000081c00000| Untracked 
|   5|0x0000000081d00000, 0x0000000081e00000, 0x0000000081e00000|100%| O|  |TAMS 0x0000000081e00000, 0x0000000081d00000| Untracked 
|   6|0x0000000081e00000, 0x0000000081f00000, 0x0000000081f00000|100%| O|  |TAMS 0x0000000081f00000, 0x0000000081e00000| Untracked 
|   7|0x0000000081f00000, 0x0000000082000000, 0x0000000082000000|100%| O|  |TAMS 0x0000000082000000, 0x0000000081f00000| Untracked 
|   8|0x0000000082000000, 0x0000000082100000, 0x0000000082100000|100%| O|  |TAMS 0x0000000082100000, 0x0000000082000000| Untracked 
|   9|0x0000000082100000, 0x0000000082200000, 0x0000000082200000|100%| O|  |TAMS 0x0000000082200000, 0x0000000082100000| Untracked 
|  10|0x0000000082200000, 0x0000000082300000, 0x0000000082300000|100%| O|  |TAMS 0x0000000082300000, 0x0000000082200000| Untracked 
|  11|0x0000000082300000, 0x0000000082400000, 0x0000000082400000|100%| O|  |TAMS 0x0000000082400000, 0x0000000082300000| Untracked 
|  12|0x0000000082400000, 0x0000000082500000, 0x0000000082500000|100%| O|  |TAMS 0x0000000082500000, 0x0000000082400000| Untracked 
|  13|0x0000000082500000, 0x0000000082600000, 0x0000000082600000|100%| O|  |TAMS 0x0000000082600000, 0x0000000082500000| Untracked 
|  14|0x0000000082600000, 0x0000000082700000, 0x0000000082700000|100%| O|  |TAMS 0x0000000082700000, 0x0000000082600000| Untracked 
|  15|0x0000000082700000, 0x0000000082800000, 0x0000000082800000|100%| O|  |TAMS 0x0000000082800000, 0x0000000082700000| Untracked 
|  16|0x0000000082800000, 0x0000000082900000, 0x0000000082900000|100%| O|  |TAMS 0x0000000082900000, 0x0000000082800000| Untracked 
|  17|0x0000000082900000, 0x0000000082a00000, 0x0000000082a00000|100%| O|  |TAMS 0x000000008295c600, 0x0000000082900000| Untracked 
|  18|0x0000000082a00000, 0x0000000082a08e00, 0x0000000082b00000|  3%| O|  |TAMS 0x0000000082a00000, 0x0000000082a00000| Untracked 
|  19|0x0000000082b00000, 0x0000000082b00000, 0x0000000082c00000|  0%| F|  |TAMS 0x0000000082b00000, 0x0000000082b00000| Untracked 
|  20|0x0000000082c00000, 0x0000000082c00000, 0x0000000082d00000|  0%| F|  |TAMS 0x0000000082c00000, 0x0000000082c00000| Untracked 
|  21|0x0000000082d00000, 0x0000000082d00000, 0x0000000082e00000|  0%| F|  |TAMS 0x0000000082d00000, 0x0000000082d00000| Untracked 
|  22|0x0000000082e00000, 0x0000000082e00000, 0x0000000082f00000|  0%| F|  |TAMS 0x0000000082e00000, 0x0000000082e00000| Untracked 
|  23|0x0000000082f00000, 0x0000000082f00000, 0x0000000083000000|  0%| F|  |TAMS 0x0000000082f00000, 0x0000000082f00000| Untracked 
|  24|0x0000000083000000, 0x0000000083000000, 0x0000000083100000|  0%| F|  |TAMS 0x0000000083000000, 0x0000000083000000| Untracked 
|  25|0x0000000083100000, 0x0000000083100000, 0x0000000083200000|  0%| F|  |TAMS 0x0000000083100000, 0x0000000083100000| Untracked 
|  26|0x0000000083200000, 0x0000000083200000, 0x0000000083300000|  0%| F|  |TAMS 0x0000000083200000, 0x0000000083200000| Untracked 
|  27|0x0000000083300000, 0x0000000083300000, 0x0000000083400000|  0%| F|  |TAMS 0x0000000083300000, 0x0000000083300000| Untracked 
|  28|0x0000000083400000, 0x0000000083400000, 0x0000000083500000|  0%| F|  |TAMS 0x0000000083400000, 0x0000000083400000| Untracked 
|  29|0x0000000083500000, 0x0000000083500000, 0x0000000083600000|  0%| F|  |TAMS 0x0000000083500000, 0x0000000083500000| Untracked 
|  30|0x0000000083600000, 0x0000000083600000, 0x0000000083700000|  0%| F|  |TAMS 0x0000000083600000, 0x0000000083600000| Untracked 
|  31|0x0000000083700000, 0x0000000083700000, 0x0000000083800000|  0%| F|  |TAMS 0x0000000083700000, 0x0000000083700000| Untracked 
|  32|0x0000000083800000, 0x00000000838a51e0, 0x0000000083900000| 64%| S|CS|TAMS 0x0000000083800000, 0x0000000083800000| Complete 
|  33|0x0000000083900000, 0x0000000083a00000, 0x0000000083a00000|100%| S|CS|TAMS 0x0000000083900000, 0x0000000083900000| Complete 
|  34|0x0000000083a00000, 0x0000000083b00000, 0x0000000083b00000|100%| S|CS|TAMS 0x0000000083a00000, 0x0000000083a00000| Complete 
|  35|0x0000000083b00000, 0x0000000083c00000, 0x0000000083c00000|100%| S|CS|TAMS 0x0000000083b00000, 0x0000000083b00000| Complete 
|  36|0x0000000083c00000, 0x0000000083d00000, 0x0000000083d00000|100%| S|CS|TAMS 0x0000000083c00000, 0x0000000083c00000| Complete 
|  37|0x0000000083d00000, 0x0000000083d00000, 0x0000000083e00000|  0%| F|  |TAMS 0x0000000083d00000, 0x0000000083d00000| Untracked 
|  38|0x0000000083e00000, 0x0000000083e00000, 0x0000000083f00000|  0%| F|  |TAMS 0x0000000083e00000, 0x0000000083e00000| Untracked 
|  39|0x0000000083f00000, 0x0000000083f00000, 0x0000000084000000|  0%| F|  |TAMS 0x0000000083f00000, 0x0000000083f00000| Untracked 
|  40|0x0000000084000000, 0x0000000084000000, 0x0000000084100000|  0%| F|  |TAMS 0x0000000084000000, 0x0000000084000000| Untracked 
|  41|0x0000000084100000, 0x0000000084100000, 0x0000000084200000|  0%| F|  |TAMS 0x0000000084100000, 0x0000000084100000| Untracked 
|  42|0x0000000084200000, 0x0000000084200000, 0x0000000084300000|  0%| F|  |TAMS 0x0000000084200000, 0x0000000084200000| Untracked 
|  43|0x0000000084300000, 0x0000000084300000, 0x0000000084400000|  0%| F|  |TAMS 0x0000000084300000, 0x0000000084300000| Untracked 
|  44|0x0000000084400000, 0x0000000084400800, 0x0000000084500000|  0%| E|  |TAMS 0x0000000084400000, 0x0000000084400000| Complete 
|  45|0x0000000084500000, 0x0000000084600000, 0x0000000084600000|100%| E|CS|TAMS 0x0000000084500000, 0x0000000084500000| Complete 
|  46|0x0000000084600000, 0x0000000084700000, 0x0000000084700000|100%| E|CS|TAMS 0x0000000084600000, 0x0000000084600000| Complete 
|  47|0x0000000084700000, 0x0000000084800000, 0x0000000084800000|100%| E|CS|TAMS 0x0000000084700000, 0x0000000084700000| Complete 
|  48|0x0000000084800000, 0x0000000084900000, 0x0000000084900000|100%| E|CS|TAMS 0x0000000084800000, 0x0000000084800000| Complete 
|  49|0x0000000084900000, 0x0000000084a00000, 0x0000000084a00000|100%| E|CS|TAMS 0x0000000084900000, 0x0000000084900000| Complete 
|  50|0x0000000084a00000, 0x0000000084b00000, 0x0000000084b00000|100%| E|CS|TAMS 0x0000000084a00000, 0x0000000084a00000| Complete 
|  51|0x0000000084b00000, 0x0000000084c00000, 0x0000000084c00000|100%| E|CS|TAMS 0x0000000084b00000, 0x0000000084b00000| Complete 
|  52|0x0000000084c00000, 0x0000000084d00000, 0x0000000084d00000|100%| E|CS|TAMS 0x0000000084c00000, 0x0000000084c00000| Complete 
|  53|0x0000000084d00000, 0x0000000084e00000, 0x0000000084e00000|100%| E|  |TAMS 0x0000000084d00000, 0x0000000084d00000| Complete 
|  54|0x0000000084e00000, 0x0000000084f00000, 0x0000000084f00000|100%| E|CS|TAMS 0x0000000084e00000, 0x0000000084e00000| Complete 
|  55|0x0000000084f00000, 0x0000000085000000, 0x0000000085000000|100%| E|CS|TAMS 0x0000000084f00000, 0x0000000084f00000| Complete 
|  56|0x0000000085000000, 0x0000000085100000, 0x0000000085100000|100%| E|CS|TAMS 0x0000000085000000, 0x0000000085000000| Complete 
|  57|0x0000000085100000, 0x0000000085200000, 0x0000000085200000|100%| E|CS|TAMS 0x0000000085100000, 0x0000000085100000| Complete 
|  58|0x0000000085200000, 0x0000000085300000, 0x0000000085300000|100%| E|CS|TAMS 0x0000000085200000, 0x0000000085200000| Complete 
|  59|0x0000000085300000, 0x0000000085400000, 0x0000000085400000|100%| E|CS|TAMS 0x0000000085300000, 0x0000000085300000| Complete 
|  60|0x0000000085400000, 0x0000000085500000, 0x0000000085500000|100%| E|CS|TAMS 0x0000000085400000, 0x0000000085400000| Complete 
|  61|0x0000000085500000, 0x0000000085600000, 0x0000000085600000|100%| E|CS|TAMS 0x0000000085500000, 0x0000000085500000| Complete 
|  62|0x0000000085600000, 0x0000000085700000, 0x0000000085700000|100%| E|CS|TAMS 0x0000000085600000, 0x0000000085600000| Complete 
|  63|0x0000000085700000, 0x0000000085800000, 0x0000000085800000|100%| E|CS|TAMS 0x0000000085700000, 0x0000000085700000| Complete 
|  64|0x0000000085800000, 0x0000000085900000, 0x0000000085900000|100%| E|CS|TAMS 0x0000000085800000, 0x0000000085800000| Complete 
|  65|0x0000000085900000, 0x0000000085a00000, 0x0000000085a00000|100%| E|CS|TAMS 0x0000000085900000, 0x0000000085900000| Complete 
|  66|0x0000000085a00000, 0x0000000085b00000, 0x0000000085b00000|100%| E|CS|TAMS 0x0000000085a00000, 0x0000000085a00000| Complete 
|  67|0x0000000085b00000, 0x0000000085c00000, 0x0000000085c00000|100%| E|CS|TAMS 0x0000000085b00000, 0x0000000085b00000| Complete 
|  68|0x0000000085c00000, 0x0000000085d00000, 0x0000000085d00000|100%| E|CS|TAMS 0x0000000085c00000, 0x0000000085c00000| Complete 
|  69|0x0000000085d00000, 0x0000000085e00000, 0x0000000085e00000|100%| E|CS|TAMS 0x0000000085d00000, 0x0000000085d00000| Complete 
|  70|0x0000000085e00000, 0x0000000085f00000, 0x0000000085f00000|100%| E|CS|TAMS 0x0000000085e00000, 0x0000000085e00000| Complete 
|  71|0x0000000085f00000, 0x0000000086000000, 0x0000000086000000|100%| E|CS|TAMS 0x0000000085f00000, 0x0000000085f00000| Complete 
|  72|0x0000000086000000, 0x0000000086100000, 0x0000000086100000|100%| E|CS|TAMS 0x0000000086000000, 0x0000000086000000| Complete 
|  73|0x0000000086100000, 0x0000000086200000, 0x0000000086200000|100%| E|CS|TAMS 0x0000000086100000, 0x0000000086100000| Complete 
|  74|0x0000000086200000, 0x0000000086300000, 0x0000000086300000|100%| E|CS|TAMS 0x0000000086200000, 0x0000000086200000| Complete 
|  75|0x0000000086300000, 0x0000000086400000, 0x0000000086400000|100%| E|CS|TAMS 0x0000000086300000, 0x0000000086300000| Complete 
|  76|0x0000000086400000, 0x0000000086500000, 0x0000000086500000|100%| E|CS|TAMS 0x0000000086400000, 0x0000000086400000| Complete 
|  77|0x0000000086500000, 0x0000000086600000, 0x0000000086600000|100%| E|CS|TAMS 0x0000000086500000, 0x0000000086500000| Complete 
|  78|0x0000000086600000, 0x0000000086700000, 0x0000000086700000|100%| E|CS|TAMS 0x0000000086600000, 0x0000000086600000| Complete 
|  79|0x0000000086700000, 0x0000000086800000, 0x0000000086800000|100%| E|CS|TAMS 0x0000000086700000, 0x0000000086700000| Complete 
|  80|0x0000000086800000, 0x0000000086900000, 0x0000000086900000|100%| E|CS|TAMS 0x0000000086800000, 0x0000000086800000| Complete 
|  81|0x0000000086900000, 0x0000000086a00000, 0x0000000086a00000|100%| E|CS|TAMS 0x0000000086900000, 0x0000000086900000| Complete 
|  82|0x0000000086a00000, 0x0000000086b00000, 0x0000000086b00000|100%| E|CS|TAMS 0x0000000086a00000, 0x0000000086a00000| Complete 
|  83|0x0000000086b00000, 0x0000000086c00000, 0x0000000086c00000|100%| E|CS|TAMS 0x0000000086b00000, 0x0000000086b00000| Complete 
|  84|0x0000000086c00000, 0x0000000086d00000, 0x0000000086d00000|100%| E|CS|TAMS 0x0000000086c00000, 0x0000000086c00000| Complete 
|  85|0x0000000086d00000, 0x0000000086e00000, 0x0000000086e00000|100%| E|CS|TAMS 0x0000000086d00000, 0x0000000086d00000| Complete 
|  86|0x0000000086e00000, 0x0000000086f00000, 0x0000000086f00000|100%| E|CS|TAMS 0x0000000086e00000, 0x0000000086e00000| Complete 
| 141|0x000000008a500000, 0x000000008a600000, 0x000000008a600000|100%| E|CS|TAMS 0x000000008a500000, 0x000000008a500000| Complete 
| 142|0x000000008a600000, 0x000000008a700000, 0x000000008a700000|100%| E|CS|TAMS 0x000000008a600000, 0x000000008a600000| Complete 
| 143|0x000000008a700000, 0x000000008a800000, 0x000000008a800000|100%| E|CS|TAMS 0x000000008a700000, 0x000000008a700000| Complete 

Card table byte_map: [0x00000155484b0000,0x00000155488b0000] _byte_map_base: 0x00000155480a4000

Marking Bits (Prev, Next): (CMBitMap*) 0x0000015541a48020, (CMBitMap*) 0x0000015541a47fe0
 Prev Bits: [0x000001554ac50000, 0x000001554cbf0000)
 Next Bits: [0x0000015548cb0000, 0x000001554ac50000)

Polling page: 0x00000155411c0000

Metaspace:

Usage:
  Non-class:     53.98 MB used.
      Class:      8.17 MB used.
       Both:     62.15 MB used.

Virtual space:
  Non-class space:       56.00 MB reserved,      54.19 MB ( 97%) committed,  7 nodes.
      Class space:        1.00 GB reserved,       8.38 MB ( <1%) committed,  1 nodes.
             Both:        1.05 GB reserved,      62.56 MB (  6%) committed. 

Chunk freelists:
   Non-Class:  1.00 MB
       Class:  3.47 MB
        Both:  4.47 MB

MaxMetaspaceSize: unlimited
CompressedClassSpaceSize: 1.00 GB
Initial GC threshold: 21.00 MB
Current GC threshold: 98.56 MB
CDS: off
MetaspaceReclaimPolicy: balanced
 - commit_granule_bytes: 65536.
 - commit_granule_words: 8192.
 - virtual_space_node_default_size: 1048576.
 - enlarge_chunks_in_place: 1.
 - new_chunks_are_fully_committed: 0.
 - uncommit_free_chunks: 1.
 - use_allocation_guard: 0.
 - handle_deallocations: 1.


Internal statistics:

num_allocs_failed_limit: 9.
num_arena_births: 554.
num_arena_deaths: 0.
num_vsnodes_births: 8.
num_vsnodes_deaths: 0.
num_space_committed: 1001.
num_space_uncommitted: 0.
num_chunks_returned_to_freelist: 9.
num_chunks_taken_from_freelist: 2531.
num_chunk_merges: 9.
num_chunk_splits: 1783.
num_chunks_enlarged: 1368.
num_purges: 0.
num_inconsistent_stats: 0.

CodeCache: size=49152Kb used=9810Kb max_used=10742Kb free=39341Kb
 bounds [0x00000155450b0000, 0x0000015545b30000, 0x00000155480b0000]
 total_blobs=5719 nmethods=5108 adapters=538
 compilation: enabled
              stopped_count=0, restarted_count=0
 full_count=0

Compilation events (20 events):
Event: 265.125 Thread 0x000001554fc0d340 5098       1       sun.nio.ch.WEPollSelectorImpl::processEvents (152 bytes)
Event: 265.126 Thread 0x000001554fc0d340 nmethod 5098 0x0000015545248c90 code [0x0000015545248ea0, 0x0000015545249408]
Event: 265.126 Thread 0x000001554fc0d340 5100       1       org.apache.tomcat.util.net.NioEndpoint::access$100 (4 bytes)
Event: 265.126 Thread 0x000001554fc0d340 nmethod 5100 0x0000015545248990 code [0x0000015545248b20, 0x0000015545248bd8]
Event: 265.126 Thread 0x000001554fc0d340 5101       1       sun.nio.ch.SelectorImpl::select (35 bytes)
Event: 265.127 Thread 0x000001554fc0d340 nmethod 5101 0x0000015545248510 code [0x00000155452486c0, 0x00000155452488b8]
Event: 265.127 Thread 0x000001554fc0d340 5102       1       java.nio.channels.spi.AbstractSelector::begin (48 bytes)
Event: 265.127 Thread 0x000001554fc0d340 nmethod 5102 0x0000015545247d10 code [0x0000015545247ee0, 0x00000155452482c8]
Event: 285.979 Thread 0x000001554fc0d340 5103       1       java.util.HashMap$Values::toArray (16 bytes)
Event: 285.979 Thread 0x000001554fc0d340 nmethod 5103 0x0000015545247910 code [0x0000015545247ac0, 0x0000015545247bf8]
Event: 301.600 Thread 0x000001554fc0d340 5104  s    1       java.io.BufferedOutputStream::flush (12 bytes)
Event: 301.601 Thread 0x000001554fc0d340 nmethod 5104 0x0000015545247490 code [0x0000015545247640, 0x0000015545247838]
Event: 305.855 Thread 0x000001554fc0d340 5105       1       java.util.concurrent.ScheduledThreadPoolExecutor::reExecutePeriodic (49 bytes)
Event: 305.856 Thread 0x000001554fc0d340 nmethod 5105 0x0000015545246e90 code [0x0000015545247080, 0x00000155452472e8]
Event: 309.401 Thread 0x000001554fc0d340 5106       1       java.io.ObjectOutputStream::writeShort (9 bytes)
Event: 309.401 Thread 0x000001554fc0d340 nmethod 5106 0x0000015545246b10 code [0x0000015545246ca0, 0x0000015545246da8]
Event: 326.165 Thread 0x000001554fc0d340 5107       1       org.apache.catalina.core.ContainerBase::getBackgroundProcessorDelay (5 bytes)
Event: 326.166 Thread 0x000001554fc0d340 nmethod 5107 0x0000015545246810 code [0x00000155452469a0, 0x0000015545246a78]
Event: 376.226 Thread 0x000001554fc0d340 5108       1       org.apache.catalina.valves.ValveBase::backgroundProcess (1 bytes)
Event: 376.227 Thread 0x000001554fc0d340 nmethod 5108 0x0000015545246510 code [0x00000155452466a0, 0x0000015545246758]

GC Heap History (20 events):
Event: 4.348 GC heap before
{Heap before GC invocations=10 (full 0):
 garbage-first heap   total 74752K, used 52667K [0x0000000081800000, 0x0000000100000000)
  region size 1024K, 43 young (44032K), 3 survivors (3072K)
 Metaspace       used 33244K, committed 33600K, reserved 1081344K
  class space    used 4056K, committed 4224K, reserved 1048576K
}
Event: 4.363 GC heap after
{Heap after GC invocations=11 (full 0):
 garbage-first heap   total 74752K, used 13573K [0x0000000081800000, 0x0000000100000000)
  region size 1024K, 5 young (5120K), 5 survivors (5120K)
 Metaspace       used 33244K, committed 33600K, reserved 1081344K
  class space    used 4056K, committed 4224K, reserved 1048576K
}
Event: 4.900 GC heap before
{Heap before GC invocations=11 (full 0):
 garbage-first heap   total 74752K, used 38149K [0x0000000081800000, 0x0000000100000000)
  region size 1024K, 30 young (30720K), 5 survivors (5120K)
 Metaspace       used 35666K, committed 35968K, reserved 1081344K
  class space    used 4386K, committed 4544K, reserved 1048576K
}
Event: 4.915 GC heap after
{Heap after GC invocations=12 (full 0):
 garbage-first heap   total 74752K, used 14911K [0x0000000081800000, 0x0000000100000000)
  region size 1024K, 4 young (4096K), 4 survivors (4096K)
 Metaspace       used 35666K, committed 35968K, reserved 1081344K
  class space    used 4386K, committed 4544K, reserved 1048576K
}
Event: 5.409 GC heap before
{Heap before GC invocations=13 (full 0):
 garbage-first heap   total 61440K, used 47679K [0x0000000081800000, 0x0000000100000000)
  region size 1024K, 36 young (36864K), 4 survivors (4096K)
 Metaspace       used 38705K, committed 39040K, reserved 1089536K
  class space    used 4707K, committed 4864K, reserved 1048576K
}
Event: 5.423 GC heap after
{Heap after GC invocations=14 (full 0):
 garbage-first heap   total 61440K, used 16153K [0x0000000081800000, 0x0000000100000000)
  region size 1024K, 3 young (3072K), 3 survivors (3072K)
 Metaspace       used 38705K, committed 39040K, reserved 1089536K
  class space    used 4707K, committed 4864K, reserved 1048576K
}
Event: 5.436 GC heap before
{Heap before GC invocations=14 (full 0):
 garbage-first heap   total 61440K, used 16153K [0x0000000081800000, 0x0000000100000000)
  region size 1024K, 4 young (4096K), 3 survivors (3072K)
 Metaspace       used 38817K, committed 39168K, reserved 1089536K
  class space    used 4721K, committed 4864K, reserved 1048576K
}
Event: 5.444 GC heap after
{Heap after GC invocations=15 (full 0):
 garbage-first heap   total 73728K, used 16804K [0x0000000081800000, 0x0000000100000000)
  region size 1024K, 1 young (1024K), 1 survivors (1024K)
 Metaspace       used 38817K, committed 39168K, reserved 1089536K
  class space    used 4721K, committed 4864K, reserved 1048576K
}
Event: 5.968 GC heap before
{Heap before GC invocations=15 (full 0):
 garbage-first heap   total 73728K, used 58788K [0x0000000081800000, 0x0000000100000000)
  region size 1024K, 42 young (43008K), 1 survivors (1024K)
 Metaspace       used 43039K, committed 43392K, reserved 1089536K
  class space    used 5263K, committed 5440K, reserved 1048576K
}
Event: 5.972 GC heap after
{Heap after GC invocations=16 (full 0):
 garbage-first heap   total 73728K, used 17892K [0x0000000081800000, 0x0000000100000000)
  region size 1024K, 2 young (2048K), 2 survivors (2048K)
 Metaspace       used 43039K, committed 43392K, reserved 1089536K
  class space    used 5263K, committed 5440K, reserved 1048576K
}
Event: 6.465 GC heap before
{Heap before GC invocations=16 (full 0):
 garbage-first heap   total 73728K, used 58852K [0x0000000081800000, 0x0000000100000000)
  region size 1024K, 42 young (43008K), 2 survivors (2048K)
 Metaspace       used 46999K, committed 47360K, reserved 1097728K
  class space    used 5899K, committed 6080K, reserved 1048576K
}
Event: 6.469 GC heap after
{Heap after GC invocations=17 (full 0):
 garbage-first heap   total 73728K, used 18520K [0x0000000081800000, 0x0000000100000000)
  region size 1024K, 3 young (3072K), 3 survivors (3072K)
 Metaspace       used 46999K, committed 47360K, reserved 1097728K
  class space    used 5899K, committed 6080K, reserved 1048576K
}
Event: 6.950 GC heap before
{Heap before GC invocations=17 (full 0):
 garbage-first heap   total 73728K, used 59480K [0x0000000081800000, 0x0000000100000000)
  region size 1024K, 43 young (44032K), 3 survivors (3072K)
 Metaspace       used 51136K, committed 51520K, reserved 1097728K
  class space    used 6501K, committed 6656K, reserved 1048576K
}
Event: 6.955 GC heap after
{Heap after GC invocations=18 (full 0):
 garbage-first heap   total 73728K, used 19620K [0x0000000081800000, 0x0000000100000000)
  region size 1024K, 4 young (4096K), 4 survivors (4096K)
 Metaspace       used 51136K, committed 51520K, reserved 1097728K
  class space    used 6501K, committed 6656K, reserved 1048576K
}
Event: 7.490 GC heap before
{Heap before GC invocations=18 (full 0):
 garbage-first heap   total 73728K, used 59556K [0x0000000081800000, 0x0000000100000000)
  region size 1024K, 43 young (44032K), 4 survivors (4096K)
 Metaspace       used 54672K, committed 55040K, reserved 1097728K
  class space    used 7104K, committed 7296K, reserved 1048576K
}
Event: 7.496 GC heap after
{Heap after GC invocations=19 (full 0):
 garbage-first heap   total 73728K, used 20139K [0x0000000081800000, 0x0000000100000000)
  region size 1024K, 4 young (4096K), 4 survivors (4096K)
 Metaspace       used 54672K, committed 55040K, reserved 1097728K
  class space    used 7104K, committed 7296K, reserved 1048576K
}
Event: 8.045 GC heap before
{Heap before GC invocations=19 (full 0):
 garbage-first heap   total 73728K, used 60075K [0x0000000081800000, 0x0000000100000000)
  region size 1024K, 43 young (44032K), 4 survivors (4096K)
 Metaspace       used 58382K, committed 58816K, reserved 1105920K
  class space    used 7609K, committed 7808K, reserved 1048576K
}
Event: 8.054 GC heap after
{Heap after GC invocations=20 (full 0):
 garbage-first heap   total 73728K, used 21684K [0x0000000081800000, 0x0000000100000000)
  region size 1024K, 4 young (4096K), 4 survivors (4096K)
 Metaspace       used 58382K, committed 58816K, reserved 1105920K
  class space    used 7609K, committed 7808K, reserved 1048576K
}
Event: 8.537 GC heap before
{Heap before GC invocations=20 (full 0):
 garbage-first heap   total 73728K, used 56500K [0x0000000081800000, 0x0000000100000000)
  region size 1024K, 39 young (39936K), 4 survivors (4096K)
 Metaspace       used 59974K, committed 60288K, reserved 1105920K
  class space    used 7851K, committed 8000K, reserved 1048576K
}
Event: 8.546 GC heap after
{Heap after GC invocations=21 (full 0):
 garbage-first heap   total 147456K, used 23223K [0x0000000081800000, 0x0000000100000000)
  region size 1024K, 5 young (5120K), 5 survivors (5120K)
 Metaspace       used 59974K, committed 60288K, reserved 1105920K
  class space    used 7851K, committed 8000K, reserved 1048576K
}

Deoptimization events (20 events):
Event: 16.568 Thread 0x00000155515a6cc0 DEOPT PACKING pc=0x00000155454d717c sp=0x00000012c47fdb20
Event: 16.568 Thread 0x00000155515a6cc0 DEOPT UNPACKING pc=0x0000015545102b43 sp=0x00000012c47fcfd8 mode 1
Event: 16.569 Thread 0x00000155515a6cc0 DEOPT PACKING pc=0x00000155454e1f54 sp=0x00000012c47fdb20
Event: 16.569 Thread 0x00000155515a6cc0 DEOPT UNPACKING pc=0x0000015545102b43 sp=0x00000012c47fcfb8 mode 1
Event: 16.569 Thread 0x00000155515a6cc0 DEOPT PACKING pc=0x00000155454d717c sp=0x00000012c47fdbf0
Event: 16.569 Thread 0x00000155515a6cc0 DEOPT UNPACKING pc=0x0000015545102b43 sp=0x00000012c47fd0a8 mode 1
Event: 16.588 Thread 0x00000155515a6cc0 DEOPT PACKING pc=0x00000155454e1f54 sp=0x00000012c47fcba0
Event: 16.588 Thread 0x00000155515a6cc0 DEOPT UNPACKING pc=0x0000015545102b43 sp=0x00000012c47fc038 mode 1
Event: 16.588 Thread 0x00000155515a6cc0 DEOPT PACKING pc=0x00000155454d717c sp=0x00000012c47fcc70
Event: 16.588 Thread 0x00000155515a6cc0 DEOPT UNPACKING pc=0x0000015545102b43 sp=0x00000012c47fc128 mode 1
Event: 16.588 Thread 0x00000155515a6cc0 DEOPT PACKING pc=0x00000155453fa354 sp=0x00000012c47fd660
Event: 16.588 Thread 0x00000155515a6cc0 DEOPT UNPACKING pc=0x0000015545102b43 sp=0x00000012c47fcb38 mode 1
Event: 16.588 Thread 0x00000155515a6cc0 DEOPT PACKING pc=0x000001554572e29c sp=0x00000012c47fd700
Event: 16.588 Thread 0x00000155515a6cc0 DEOPT UNPACKING pc=0x0000015545102b43 sp=0x00000012c47fcc98 mode 1
Event: 16.588 Thread 0x00000155515a6cc0 DEOPT PACKING pc=0x00000155454e1f54 sp=0x00000012c47fcc50
Event: 16.588 Thread 0x00000155515a6cc0 DEOPT UNPACKING pc=0x0000015545102b43 sp=0x00000012c47fc0e8 mode 1
Event: 16.588 Thread 0x00000155515a6cc0 DEOPT PACKING pc=0x00000155454d717c sp=0x00000012c47fcd20
Event: 16.588 Thread 0x00000155515a6cc0 DEOPT UNPACKING pc=0x0000015545102b43 sp=0x00000012c47fc1d8 mode 1
Event: 16.588 Thread 0x00000155515a6cc0 DEOPT PACKING pc=0x00000155453fa354 sp=0x00000012c47fd710
Event: 16.588 Thread 0x00000155515a6cc0 DEOPT UNPACKING pc=0x0000015545102b43 sp=0x00000012c47fcc00 mode 1

Classes unloaded (0 events):
No events

Classes redefined (6 events):
Event: 271.307 Thread 0x000001554efb4cb0 redefined class name=com.apirest.main.servicios.ServicioMovimientos, count=1
Event: 278.558 Thread 0x000001554efb4cb0 redefined class name=com.apirest.main.servicios.ServicioMovimientos, count=2
Event: 283.786 Thread 0x000001554efb4cb0 redefined class name=com.apirest.main.servicios.ServicioMovimientos, count=3
Event: 295.936 Thread 0x000001554efb4cb0 redefined class name=com.apirest.main.servicios.ServicioMovimientos, count=4
Event: 307.336 Thread 0x000001554efb4cb0 redefined class name=com.apirest.main.servicios.ServicioMovimientos, count=5
Event: 380.438 Thread 0x000001554efb4cb0 redefined class name=com.apirest.main.servicios.ServicioMovimientos, count=6

Internal exceptions (20 events):
Event: 8.206 Thread 0x00000155419edc10 Exception <a 'java/lang/ClassNotFoundException'{0x0000000085350440}: com/apirest/main/entidades/MovimientosCustomizer> (0x0000000085350440) 
thrown [s\src\hotspot\share\classfile\systemDictionary.cpp, line 256]
Event: 8.279 Thread 0x00000155419edc10 Exception <a 'java/lang/ClassNotFoundException'{0x0000000084d33aa0}: java/lang/ObjectCustomizer> (0x0000000084d33aa0) 
thrown [s\src\hotspot\share\classfile\systemDictionary.cpp, line 256]
Event: 8.280 Thread 0x00000155419edc10 Exception <a 'java/lang/ClassNotFoundException'{0x0000000084d3c330}: org/springframework/web/servlet/config/annotation/WebMvcConfigurationSupportCustomizer> (0x0000000084d3c330) 
thrown [s\src\hotspot\share\classfile\systemDictionary.cpp, line 256]
Event: 8.281 Thread 0x00000155419edc10 Exception <a 'java/lang/ClassNotFoundException'{0x0000000084d51048}: org/springframework/web/servlet/config/annotation/DelegatingWebMvcConfigurationCustomizer> (0x0000000084d51048) 
thrown [s\src\hotspot\share\classfile\systemDictionary.cpp, line 256]
Event: 8.282 Thread 0x00000155419edc10 Exception <a 'java/lang/ClassNotFoundException'{0x0000000084d5b078}: org/springframework/boot/autoconfigure/web/servlet/WebMvcAutoConfiguration$EnableWebMvcConfigurationCustomizer> (0x0000000084d5b078) 
thrown [s\src\hotspot\share\classfile\systemDictionary.cpp, line 256]
Event: 8.284 Thread 0x00000155419edc10 Exception <a 'java/lang/ClassNotFoundException'{0x0000000084d6dbd0}: org/springframework/context/ResourceLoaderAwareCustomizer> (0x0000000084d6dbd0) 
thrown [s\src\hotspot\share\classfile\systemDictionary.cpp, line 256]
Event: 8.285 Thread 0x00000155419edc10 Exception <a 'java/lang/ClassNotFoundException'{0x0000000084d73498}: org/springframework/beans/factory/AwareCustomizer> (0x0000000084d73498) 
thrown [s\src\hotspot\share\classfile\systemDictionary.cpp, line 256]
Event: 8.285 Thread 0x00000155514231d0 Exception <a 'java/lang/reflect/InvocationTargetException'{0x0000000084d823d0}> (0x0000000084d823d0) 
thrown [s\src\hotspot\share\runtime\reflection.cpp, line 1121]
Event: 8.286 Thread 0x00000155419edc10 Exception <a 'java/lang/ClassNotFoundException'{0x0000000084d781a0}: org/springframework/context/ApplicationContextAwareCustomizer> (0x0000000084d781a0) 
thrown [s\src\hotspot\share\classfile\systemDictionary.cpp, line 256]
Event: 8.287 Thread 0x00000155419edc10 Exception <a 'java/lang/ClassNotFoundException'{0x0000000084d7e558}: org/springframework/beans/factory/AwareCustomizer> (0x0000000084d7e558) 
thrown [s\src\hotspot\share\classfile\systemDictionary.cpp, line 256]
Event: 8.287 Thread 0x00000155419edc10 Exception <a 'java/lang/ClassNotFoundException'{0x0000000084d879b8}: org/springframework/web/context/ServletContextAwareCustomizer> (0x0000000084d879b8) 
thrown [s\src\hotspot\share\classfile\systemDictionary.cpp, line 256]
Event: 8.288 Thread 0x00000155419edc10 Exception <a 'java/lang/ClassNotFoundException'{0x0000000084d8d6b8}: org/springframework/beans/factory/AwareCustomizer> (0x0000000084d8d6b8) 
thrown [s\src\hotspot\share\classfile\systemDictionary.cpp, line 256]
Event: 8.475 Thread 0x00000155419edc10 Exception <a 'java/lang/NoSuchMethodError'{0x0000000084260f78}: 'void java.lang.invoke.DirectMethodHandle$Holder.invokeVirtual(java.lang.Object, java.lang.Object, int)'> (0x0000000084260f78) 
thrown [s\src\hotspot\share\interpreter\linkResolver.cpp, line 759]
Event: 8.479 Thread 0x00000155419edc10 Exception <a 'java/lang/NoSuchMethodError'{0x000000008427bb20}: 'void java.lang.invoke.DirectMethodHandle$Holder.invokeVirtual(java.lang.Object, java.lang.Object, long)'> (0x000000008427bb20) 
thrown [s\src\hotspot\share\interpreter\linkResolver.cpp, line 759]
Event: 8.686 Thread 0x00000155419edc10 Exception <a 'java/lang/IncompatibleClassChangeError'{0x0000000086a41f50}: Found class java.lang.Object, but interface was expected> (0x0000000086a41f50) 
thrown [s\src\hotspot\share\interpreter\linkResolver.cpp, line 826]
Event: 8.734 Thread 0x00000155419edc10 Exception <a 'java/lang/NoSuchMethodError'{0x0000000086735240}: 'int java.lang.invoke.DirectMethodHandle$Holder.invokeStaticInit(java.lang.Object, java.lang.Object, java.lang.Object, java.lang.Object)'> (0x0000000086735240) 
thrown [s\src\hotspot\share\interpreter\linkResolver.cpp, line 759]
Event: 8.865 Thread 0x00000155419edc10 Exception <a 'java/lang/NoSuchMethodError'{0x00000000860c9078}: 'java.lang.Object java.lang.invoke.DirectMethodHandle$Holder.invokeSpecial(java.lang.Object, java.lang.Object, int, java.lang.Object, int, java.lang.Object)'> (0x00000000860c9078) 
thrown [s\src\hotspot\share\interpreter\linkResolver.cpp, line 759]
Event: 8.865 Thread 0x00000155419edc10 Exception <a 'java/lang/NoSuchMethodError'{0x00000000860d0e78}: 'java.lang.Object java.lang.invoke.DirectMethodHandle$Holder.newInvokeSpecial(java.lang.Object, java.lang.Object, int, java.lang.Object, int)'> (0x00000000860d0e78) 
thrown [s\src\hotspot\share\interpreter\linkResolver.cpp, line 759]
Event: 8.866 Thread 0x00000155419edc10 Exception <a 'java/lang/NoSuchMethodError'{0x00000000860d4f78}: 'java.lang.Object java.lang.invoke.DirectMethodHandle$Holder.invokeSpecial(java.lang.Object, java.lang.Object, java.lang.Object, int, java.lang.Object, int)'> (0x00000000860d4f78) 
thrown [s\src\hotspot\share\interpreter\linkResolver.cpp, line 759]
Event: 8.867 Thread 0x00000155419edc10 Exception <a 'java/lang/NoSuchMethodError'{0x00000000860e4628}: 'void java.lang.invoke.DirectMethodHandle$Holder.invokeVirtual(java.lang.Object, java.lang.Object)'> (0x00000000860e4628) 
thrown [s\src\hotspot\share\interpreter\linkResolver.cpp, line 759]

VM Operations (20 events):
Event: 380.406 Executing VM operation: ChangeSingleStep
Event: 380.406 Executing VM operation: ChangeSingleStep done
Event: 380.429 Executing VM operation: RedefineClasses
Event: 380.459 Executing VM operation: RedefineClasses done
Event: 380.487 Executing VM operation: ChangeBreakpoints
Event: 380.488 Executing VM operation: ChangeBreakpoints done
Event: 380.492 Executing VM operation: ChangeSingleStep
Event: 380.492 Executing VM operation: ChangeSingleStep done
Event: 380.495 Executing VM operation: get/set locals
Event: 380.495 Executing VM operation: get/set locals done
Event: 380.498 Executing VM operation: ChangeSingleStep
Event: 380.498 Executing VM operation: ChangeSingleStep done
Event: 380.500 Executing VM operation: GetObjectMonitorUsage
Event: 380.500 Executing VM operation: GetObjectMonitorUsage done
Event: 380.501 Executing VM operation: GetObjectMonitorUsage
Event: 380.501 Executing VM operation: GetObjectMonitorUsage done
Event: 380.513 Executing VM operation: GetObjectMonitorUsage
Event: 380.513 Executing VM operation: GetObjectMonitorUsage done
Event: 380.514 Executing VM operation: GetObjectMonitorUsage
Event: 380.514 Executing VM operation: GetObjectMonitorUsage done

Events (20 events):
Event: 16.527 loading class sun/nio/cs/ThreadLocalCoders$2
Event: 16.527 loading class sun/nio/cs/ThreadLocalCoders$2 done
Event: 16.641 loading class java/time/format/DateTimeFormatterBuilder$ZoneTextPrinterParser
Event: 16.641 loading class java/time/format/DateTimeFormatterBuilder$ZoneTextPrinterParser done
Event: 16.641 loading class java/time/format/DateTimeFormatterBuilder$ReducedPrinterParser
Event: 16.642 loading class java/time/format/DateTimeFormatterBuilder$ReducedPrinterParser done
Event: 16.650 loading class java/util/OptionalLong
Event: 16.650 loading class java/util/OptionalLong done
Event: 16.650 loading class java/util/OptionalDouble
Event: 16.650 loading class java/util/OptionalDouble done
Event: 16.657 loading class org/w3c/dom/Document
Event: 16.657 loading class org/w3c/dom/Document done
Event: 21.766 Thread 0x0000015550742330 Thread exited: 0x0000015550742330
Event: 21.766 Thread 0x000001554fd4ef80 Thread exited: 0x000001554fd4ef80
Event: 91.501 Thread 0x0000015554115090 Thread exited: 0x0000015554115090
Event: 91.501 Thread 0x0000015551416010 Thread exited: 0x0000015551416010
Event: 91.502 Thread 0x0000015554115560 Thread exited: 0x0000015554115560
Event: 91.502 Thread 0x0000015554115a30 Thread exited: 0x0000015554115a30
Event: 91.517 Thread 0x00000155541168a0 Thread exited: 0x00000155541168a0
Event: 91.517 Thread 0x00000155514231d0 Thread exited: 0x00000155514231d0


Dynamic libraries:
0x00007ff6afc00000 - 0x00007ff6afc0e000 	C:\Users\charl\Documents\SPRING\sts-4.16.0.RELEASE\plugins\org.eclipse.justj.openjdk.hotspot.jre.full.win32.x86_64_17.0.4.v20220903-1038\jre\bin\javaw.exe
0x00007fff85b70000 - 0x00007fff85d68000 	C:\WINDOWS\SYSTEM32\ntdll.dll
0x00007fff84820000 - 0x00007fff848dd000 	C:\WINDOWS\System32\KERNEL32.DLL
0x00007fff83320000 - 0x00007fff835ee000 	C:\WINDOWS\System32\KERNELBASE.dll
0x00007fff83640000 - 0x00007fff83740000 	C:\WINDOWS\System32\ucrtbase.dll
0x00007fff7af90000 - 0x00007fff7afa9000 	C:\Users\charl\Documents\SPRING\sts-4.16.0.RELEASE\plugins\org.eclipse.justj.openjdk.hotspot.jre.full.win32.x86_64_17.0.4.v20220903-1038\jre\bin\VCRUNTIME140.dll
0x00007fff7afd0000 - 0x00007fff7afe8000 	C:\Users\charl\Documents\SPRING\sts-4.16.0.RELEASE\plugins\org.eclipse.justj.openjdk.hotspot.jre.full.win32.x86_64_17.0.4.v20220903-1038\jre\bin\jli.dll
0x00007fff85250000 - 0x00007fff853f0000 	C:\WINDOWS\System32\USER32.dll
0x00007fff837d0000 - 0x00007fff837f2000 	C:\WINDOWS\System32\win32u.dll
0x00007fff6b3f0000 - 0x00007fff6b68a000 	C:\WINDOWS\WinSxS\amd64_microsoft.windows.common-controls_6595b64144ccf1df_6.0.19041.1110_none_60b5254171f9507e\COMCTL32.dll
0x00007fff85b00000 - 0x00007fff85b2a000 	C:\WINDOWS\System32\GDI32.dll
0x00007fff83c60000 - 0x00007fff83cfe000 	C:\WINDOWS\System32\msvcrt.dll
0x00007fff83ab0000 - 0x00007fff83bbb000 	C:\WINDOWS\System32\gdi32full.dll
0x00007fff83bc0000 - 0x00007fff83c5d000 	C:\WINDOWS\System32\msvcp_win.dll
0x00007fff85780000 - 0x00007fff857b0000 	C:\WINDOWS\System32\IMM32.DLL
0x00007fff7cd90000 - 0x00007fff7cd9c000 	C:\Users\charl\Documents\SPRING\sts-4.16.0.RELEASE\plugins\org.eclipse.justj.openjdk.hotspot.jre.full.win32.x86_64_17.0.4.v20220903-1038\jre\bin\vcruntime140_1.dll
0x00007fff4f780000 - 0x00007fff4f811000 	C:\Users\charl\Documents\SPRING\sts-4.16.0.RELEASE\plugins\org.eclipse.justj.openjdk.hotspot.jre.full.win32.x86_64_17.0.4.v20220903-1038\jre\bin\msvcp140.dll
0x00007fff09dd0000 - 0x00007fff0aa16000 	C:\Users\charl\Documents\SPRING\sts-4.16.0.RELEASE\plugins\org.eclipse.justj.openjdk.hotspot.jre.full.win32.x86_64_17.0.4.v20220903-1038\jre\bin\server\jvm.dll
0x00007fff848e0000 - 0x00007fff8498e000 	C:\WINDOWS\System32\ADVAPI32.dll
0x00007fff84ef0000 - 0x00007fff84f8c000 	C:\WINDOWS\System32\sechost.dll
0x00007fff85650000 - 0x00007fff85775000 	C:\WINDOWS\System32\RPCRT4.dll
0x00007fff855e0000 - 0x00007fff855e8000 	C:\WINDOWS\System32\PSAPI.DLL
0x00007fff79c90000 - 0x00007fff79c99000 	C:\WINDOWS\SYSTEM32\WSOCK32.dll
0x00007fff778b0000 - 0x00007fff778ba000 	C:\WINDOWS\SYSTEM32\VERSION.dll
0x00007fff79bc0000 - 0x00007fff79be7000 	C:\WINDOWS\SYSTEM32\WINMM.dll
0x00007fff859e0000 - 0x00007fff85a4b000 	C:\WINDOWS\System32\WS2_32.dll
0x00007fff81c30000 - 0x00007fff81c42000 	C:\WINDOWS\SYSTEM32\kernel.appcore.dll
0x00007fff7dd00000 - 0x00007fff7dd0a000 	C:\Users\charl\Documents\SPRING\sts-4.16.0.RELEASE\plugins\org.eclipse.justj.openjdk.hotspot.jre.full.win32.x86_64_17.0.4.v20220903-1038\jre\bin\jimage.dll
0x00007fff818b0000 - 0x00007fff81a94000 	C:\WINDOWS\SYSTEM32\DBGHELP.DLL
0x00007fff6fe30000 - 0x00007fff6fe5c000 	C:\WINDOWS\SYSTEM32\dbgcore.DLL
0x00007fff83740000 - 0x00007fff837c2000 	C:\WINDOWS\System32\bcryptPrimitives.dll
0x00007fff60a60000 - 0x00007fff60a9b000 	C:\Users\charl\Documents\SPRING\sts-4.16.0.RELEASE\plugins\org.eclipse.justj.openjdk.hotspot.jre.full.win32.x86_64_17.0.4.v20220903-1038\jre\bin\jdwp.dll
0x00007fff7afc0000 - 0x00007fff7afce000 	C:\Users\charl\Documents\SPRING\sts-4.16.0.RELEASE\plugins\org.eclipse.justj.openjdk.hotspot.jre.full.win32.x86_64_17.0.4.v20220903-1038\jre\bin\instrument.dll
0x00007fff56f20000 - 0x00007fff56f45000 	C:\Users\charl\Documents\SPRING\sts-4.16.0.RELEASE\plugins\org.eclipse.justj.openjdk.hotspot.jre.full.win32.x86_64_17.0.4.v20220903-1038\jre\bin\java.dll
0x00007fff67170000 - 0x00007fff67188000 	C:\Users\charl\Documents\SPRING\sts-4.16.0.RELEASE\plugins\org.eclipse.justj.openjdk.hotspot.jre.full.win32.x86_64_17.0.4.v20220903-1038\jre\bin\zip.dll
0x00007fff84070000 - 0x00007fff847b3000 	C:\WINDOWS\System32\SHELL32.dll
0x00007fff81040000 - 0x00007fff817d5000 	C:\WINDOWS\SYSTEM32\windows.storage.dll
0x00007fff83d00000 - 0x00007fff84054000 	C:\WINDOWS\System32\combase.dll
0x00007fff82cb0000 - 0x00007fff82ce0000 	C:\WINDOWS\SYSTEM32\Wldp.dll
0x00007fff85070000 - 0x00007fff8511d000 	C:\WINDOWS\System32\SHCORE.dll
0x00007fff855f0000 - 0x00007fff85645000 	C:\WINDOWS\System32\shlwapi.dll
0x00007fff83260000 - 0x00007fff8327f000 	C:\WINDOWS\SYSTEM32\profapi.dll
0x00007fff7af30000 - 0x00007fff7af3c000 	C:\Users\charl\Documents\SPRING\sts-4.16.0.RELEASE\plugins\org.eclipse.justj.openjdk.hotspot.jre.full.win32.x86_64_17.0.4.v20220903-1038\jre\bin\dt_socket.dll
0x00007fff82700000 - 0x00007fff8273b000 	C:\WINDOWS\SYSTEM32\IPHLPAPI.DLL
0x00007fff82a10000 - 0x00007fff82a7a000 	C:\WINDOWS\system32\mswsock.dll
0x00007fff82790000 - 0x00007fff8285a000 	C:\WINDOWS\SYSTEM32\DNSAPI.dll
0x00007fff84e00000 - 0x00007fff84e08000 	C:\WINDOWS\System32\NSI.dll
0x00007fff73cc0000 - 0x00007fff73cca000 	C:\Windows\System32\rasadhlp.dll
0x00007fff73c10000 - 0x00007fff73c90000 	C:\WINDOWS\System32\fwpuclnt.dll
0x00007fff83a80000 - 0x00007fff83aa7000 	C:\WINDOWS\System32\bcrypt.dll
0x00007fff548b0000 - 0x00007fff548c9000 	C:\Users\charl\Documents\SPRING\sts-4.16.0.RELEASE\plugins\org.eclipse.justj.openjdk.hotspot.jre.full.win32.x86_64_17.0.4.v20220903-1038\jre\bin\net.dll
0x00007fff73b00000 - 0x00007fff73c0a000 	C:\WINDOWS\SYSTEM32\WINHTTP.dll
0x00007fff54890000 - 0x00007fff548a5000 	C:\Users\charl\Documents\SPRING\sts-4.16.0.RELEASE\plugins\org.eclipse.justj.openjdk.hotspot.jre.full.win32.x86_64_17.0.4.v20220903-1038\jre\bin\nio.dll
0x00007fff7bdd0000 - 0x00007fff7bdd9000 	C:\Users\charl\Documents\SPRING\sts-4.16.0.RELEASE\plugins\org.eclipse.justj.openjdk.hotspot.jre.full.win32.x86_64_17.0.4.v20220903-1038\jre\bin\management.dll
0x00007fff7b040000 - 0x00007fff7b04b000 	C:\Users\charl\Documents\SPRING\sts-4.16.0.RELEASE\plugins\org.eclipse.justj.openjdk.hotspot.jre.full.win32.x86_64_17.0.4.v20220903-1038\jre\bin\management_ext.dll
0x00007fff6ab80000 - 0x00007fff6ab97000 	C:\WINDOWS\system32\napinsp.dll
0x00007fff6ab40000 - 0x00007fff6ab5b000 	C:\WINDOWS\system32\pnrpnsp.dll
0x00007fff7c720000 - 0x00007fff7c735000 	C:\WINDOWS\system32\wshbth.dll
0x00007fff7ca90000 - 0x00007fff7caad000 	C:\WINDOWS\system32\NLAapi.dll
0x00007fff63c50000 - 0x00007fff63c62000 	C:\WINDOWS\System32\winrnr.dll
0x00007fff82c00000 - 0x00007fff82c18000 	C:\WINDOWS\SYSTEM32\CRYPTSP.dll
0x00007fff82390000 - 0x00007fff823c4000 	C:\WINDOWS\system32\rsaenh.dll
0x00007fff831e0000 - 0x00007fff8320e000 	C:\WINDOWS\SYSTEM32\USERENV.dll
0x00007fff82c20000 - 0x00007fff82c2c000 	C:\WINDOWS\SYSTEM32\CRYPTBASE.dll
0x00007fff78e90000 - 0x00007fff78ea7000 	C:\WINDOWS\SYSTEM32\dhcpcsvc6.DLL
0x00007fff79720000 - 0x00007fff7973d000 	C:\WINDOWS\SYSTEM32\dhcpcsvc.DLL
0x00007fff6a8d0000 - 0x00007fff6a8e0000 	C:\Users\charl\Documents\SPRING\sts-4.16.0.RELEASE\plugins\org.eclipse.justj.openjdk.hotspot.jre.full.win32.x86_64_17.0.4.v20220903-1038\jre\bin\verify.dll
0x00007fff804b0000 - 0x00007fff804be000 	C:\Users\charl\Documents\SPRING\sts-4.16.0.RELEASE\plugins\org.eclipse.justj.openjdk.hotspot.jre.full.win32.x86_64_17.0.4.v20220903-1038\jre\bin\sunmscapi.dll
0x00007fff83920000 - 0x00007fff83a76000 	C:\WINDOWS\System32\CRYPT32.dll
0x00007fff82d20000 - 0x00007fff82d47000 	C:\WINDOWS\SYSTEM32\ncrypt.dll
0x00007fff82ce0000 - 0x00007fff82d1b000 	C:\WINDOWS\SYSTEM32\NTASN1.dll
0x00007fff6a8c0000 - 0x00007fff6a8c7000 	C:\WINDOWS\system32\wshunix.dll

dbghelp: loaded successfully - version: 4.0.5 - missing functions: none
symbol engine: initialized successfully - sym options: 0x614 - pdb path: .;C:\Users\charl\Documents\SPRING\sts-4.16.0.RELEASE\plugins\org.eclipse.justj.openjdk.hotspot.jre.full.win32.x86_64_17.0.4.v20220903-1038\jre\bin;C:\WINDOWS\SYSTEM32;C:\WINDOWS\WinSxS\amd64_microsoft.windows.common-controls_6595b64144ccf1df_6.0.19041.1110_none_60b5254171f9507e;C:\Users\charl\Documents\SPRING\sts-4.16.0.RELEASE\plugins\org.eclipse.justj.openjdk.hotspot.jre.full.win32.x86_64_17.0.4.v20220903-1038\jre\bin\server

VM Arguments:
jvm_args: -XX:+ShowCodeDetailsInExceptionMessages -agentlib:jdwp=transport=dt_socket,suspend=y,address=localhost:60773 -Dcom.sun.management.jmxremote -Dcom.sun.management.jmxremote.port=60772 -Dcom.sun.management.jmxremote.authenticate=false -Dcom.sun.management.jmxremote.ssl=false -Djava.rmi.server.hostname=localhost -Dspring.jmx.enabled=true -Dspring.application.admin.enabled=true -XX:TieredStopAtLevel=1 -Dspring.boot.project.name=MovimientosCuentaCliente -javaagent:C:\Users\charl\Documents\SPRING\sts-4.16.0.RELEASE\configuration\org.eclipse.osgi\268\0\.cp\lib\javaagent-shaded.jar -Dfile.encoding=UTF-8 
java_command: com.apirest.main.MovimientosCuentaClienteApplication --spring.output.ansi.enabled=always
java_class_path (initial): C:\Users\charl\Documents\Spring_Proyectos\MovimientosCuentaCliente\target\classes;C:\Users\charl\.m2\repository\org\springframework\boot\spring-boot-starter-data-jpa\2.7.3\spring-boot-starter-data-jpa-2.7.3.jar;C:\Users\charl\.m2\repository\org\springframework\boot\spring-boot-starter-aop\2.7.3\spring-boot-starter-aop-2.7.3.jar;C:\Users\charl\.m2\repository\org\springframework\spring-aop\5.3.22\spring-aop-5.3.22.jar;C:\Users\charl\.m2\repository\org\aspectj\aspectjweaver\1.9.7\aspectjweaver-1.9.7.jar;C:\Users\charl\.m2\repository\org\springframework\boot\spring-boot-starter-jdbc\2.7.3\spring-boot-starter-jdbc-2.7.3.jar;C:\Users\charl\.m2\repository\com\zaxxer\HikariCP\4.0.3\HikariCP-4.0.3.jar;C:\Users\charl\.m2\repository\org\springframework\spring-jdbc\5.3.22\spring-jdbc-5.3.22.jar;C:\Users\charl\.m2\repository\jakarta\transaction\jakarta.transaction-api\1.3.3\jakarta.transaction-api-1.3.3.jar;C:\Users\charl\.m2\repository\jakarta\persistence\jakarta.persistence-api\2.2.3\jakarta.persistence-api-2.2.3.jar;C:\Users\charl\.m2\repository\org\hibernate\hibernate-core\5.6.10.Final\hibernate-core-5.6.10.Final.jar;C:\Users\charl\.m2\repository\org\jboss\logging\jboss-logging\3.4.3.Final\jboss-logging-3.4.3.Final.jar;C:\Users\charl\.m2\repository\net\bytebuddy\byte-buddy\1.12.13\byte-buddy-1.12.13.jar;C:\Users\charl\.m2\repository\antlr\antlr\2.7.7\antlr-2.7.7.jar;C:\Users\charl\.m2\repository\org\jboss\jandex\2.4.2.Final\jandex-2.4.2.Final.jar;C:\Users\charl\.m2\repository\com\fasterxml\classmate\1.5.1\classmate-1.5.1.jar;C:\Users\charl\.m2\repository\org\hibernate\common\hibernate-commons-annotations\5.1.2.Final\hibernate-commons-annotations-5.1.2.Final.jar;C:\Users\charl\.m2\repository\org\glassfish\jaxb\jaxb-runtime\2.3.6\jaxb-runtime-2.3.6.jar;C:\Users\charl\.m2\repository\org\glassfish\jaxb\txw2\2.3.6\txw2-2.3.6.jar;C:\Users\charl\.m2\repository\com\sun\istack\istack-commons-runtime\3.0.12\istack-commons-runtime-3.0.12.jar;C:\Users\charl\
Launcher Type: SUN_STANDARD

[Global flags]
     intx CICompilerCount                          = 3                                         {product} {ergonomic}
     uint ConcGCThreads                            = 1                                         {product} {ergonomic}
     uint G1ConcRefinementThreads                  = 4                                         {product} {ergonomic}
   size_t G1HeapRegionSize                         = 1048576                                   {product} {ergonomic}
    uintx GCDrainStackTargetSize                   = 64                                        {product} {ergonomic}
   size_t InitialHeapSize                          = 134217728                                 {product} {ergonomic}
     bool ManagementServer                         = true                                      {product} {command line}
   size_t MarkStackSize                            = 4194304                                   {product} {ergonomic}
   size_t MaxHeapSize                              = 2122317824                                {product} {ergonomic}
   size_t MaxNewSize                               = 1272971264                                {product} {ergonomic}
   size_t MinHeapDeltaBytes                        = 1048576                                   {product} {ergonomic}
   size_t MinHeapSize                              = 8388608                                   {product} {ergonomic}
    uintx NonProfiledCodeHeapSize                  = 0                                      {pd product} {ergonomic}
     bool ProfileInterpreter                       = false                                  {pd product} {command line}
    uintx ProfiledCodeHeapSize                     = 0                                      {pd product} {ergonomic}
     bool ShowCodeDetailsInExceptionMessages       = true                                   {manageable} {command line}
   size_t SoftMaxHeapSize                          = 2122317824                             {manageable} {ergonomic}
     intx TieredStopAtLevel                        = 1                                         {product} {command line}
     bool UseCompressedClassPointers               = true                           {product lp64_product} {ergonomic}
     bool UseCompressedOops                        = true                           {product lp64_product} {ergonomic}
     bool UseG1GC                                  = true                                      {product} {ergonomic}
     bool UseLargePagesIndividualAllocation        = false                                  {pd product} {ergonomic}

Logging:
Log output configuration:
 #0: stdout all=warning uptime,level,tags
 #1: stderr all=off uptime,level,tags

Environment Variables:
PATH=C:\Users\charl\Documents\SPRING\sts-4.16.0.RELEASE\plugins\org.eclipse.justj.openjdk.hotspot.jre.full.win32.x86_64_17.0.4.v20220903-1038\jre\bin;C:/Users/charl/Documents/SPRING/sts-4.16.0.RELEASE//plugins/org.eclipse.justj.openjdk.hotspot.jre.full.win32.x86_64_17.0.4.v20220903-1038/jre/bin/server;C:/Users/charl/Documents/SPRING/sts-4.16.0.RELEASE//plugins/org.eclipse.justj.openjdk.hotspot.jre.full.win32.x86_64_17.0.4.v20220903-1038/jre/bin;C:\Program Files (x86)\Common Files\Oracle\Java\javapath;C:\Program Files (x86)\Intel\iCLS Client\;C:\Program Files\Intel\iCLS Client\;C:\WINDOWS\system32;C:\WINDOWS;C:\WINDOWS\System32\Wbem;C:\WINDOWS\System32\WindowsPowerShell\v1.0\;C:\Program Files (x86)\Intel\Intel(R) Management Engine Components\DAL;C:\Program Files\Intel\Intel(R) Management Engine Components\DAL;C:\Program Files (x86)\Intel\Intel(R) Management Engine Components\IPT;C:\Program Files\Intel\Intel(R) Management Engine Components\IPT;C:\WINDOWS\System32\OpenSSH\;C:\Program Files (x86)\QuickTime\QTSystem\;C:\Program Files\Git\cmd;C:\Users\charl\AppData\Local\Microsoft\WindowsApps;;C:\Users\charl\Documents\SPRING\sts-4.16.0.RELEASE;
USERNAME=charl
OS=Windows_NT
PROCESSOR_IDENTIFIER=Intel64 Family 6 Model 61 Stepping 4, GenuineIntel
TMP=C:\Users\charl\AppData\Local\Temp
TEMP=C:\Users\charl\AppData\Local\Temp



---------------  S Y S T E M  ---------------

OS:
 Windows 10 , 64 bit Build 19041 (10.0.19041.1889)
OS uptime: 3 days 10:36 hours

CPU: total 4 (initial active 4) (2 cores per cpu, 2 threads per core) family 6 model 61 stepping 4 microcode 0x2d, cx8, cmov, fxsr, ht, mmx, 3dnowpref, sse, sse2, sse3, ssse3, sse4.1, sse4.2, popcnt, lzcnt, tsc, tscinvbit, avx, avx2, aes, erms, clmul, bmi1, bmi2, adx, fma, vzeroupper, clflush

Memory: 4k page, system-wide physical 8093M (1540M free)
TotalPageFile size 15893M (AvailPageFile size 4428M)
current process WorkingSet (physical memory assigned to process): 230M, peak: 231M
current process commit charge ("private bytes"): 254M, peak: 301M

vm_info: OpenJDK 64-Bit Server VM (17.0.4.1+1) for windows-amd64 JRE (17.0.4.1+1), built on Aug 17 2022 07:42:43 by "temurin" with MS VC++ 16.7 (VS2019)

END.
